<?xml version="1.0" encoding="UTF-8"?>
<testsuites>
  <testsuite name="/app/phpunit.xml.dist" tests="10" assertions="15" errors="0" failures="0" skipped="0" time="0.190579">
    <testsuite name="Project Test Suite" tests="10" assertions="15" errors="0" failures="0" skipped="0" time="0.190579">
      <testsuite name="App\Tests\Unit\SequraChallenge\DisbursementLines\Application\Create\CreateDisbursementLineUseCaseTest" file="/app/tests/Unit/SequraChallenge/DisbursementLines/Application/Create/CreateDisbursementLineUseCaseTest.php" tests="2" assertions="3" errors="0" failures="0" skipped="0" time="0.146878">
        <testcase name="it_should_create_a_disbursement_line" file="/app/tests/Unit/SequraChallenge/DisbursementLines/Application/Create/CreateDisbursementLineUseCaseTest.php" line="37" class="App\Tests\Unit\SequraChallenge\DisbursementLines\Application\Create\CreateDisbursementLineUseCaseTest" classname="App.Tests.Unit.SequraChallenge.DisbursementLines.Application.Create.CreateDisbursementLineUseCaseTest" assertions="2" time="0.142379"/>
        <testcase name="if_purchase_processed_it_should_skip" file="/app/tests/Unit/SequraChallenge/DisbursementLines/Application/Create/CreateDisbursementLineUseCaseTest.php" line="53" class="App\Tests\Unit\SequraChallenge\DisbursementLines\Application\Create\CreateDisbursementLineUseCaseTest" classname="App.Tests.Unit.SequraChallenge.DisbursementLines.Application.Create.CreateDisbursementLineUseCaseTest" assertions="1" time="0.004499"/>
      </testsuite>
      <testsuite name="App\Tests\Unit\SequraChallenge\Disbursements\Application\Create\CalculateDisbursementUseCaseTest" file="/app/tests/Unit/SequraChallenge/Disbursements/Application/Calculate/CalculateDisbursementUseCaseTest.php" tests="1" assertions="2" errors="0" failures="0" skipped="0" time="0.012902">
        <testcase name="it_should_calculate_a_disbursement_for_a_daily_merchant" file="/app/tests/Unit/SequraChallenge/Disbursements/Application/Calculate/CalculateDisbursementUseCaseTest.php" line="58" class="App\Tests\Unit\SequraChallenge\Disbursements\Application\Create\CalculateDisbursementUseCaseTest" classname="App.Tests.Unit.SequraChallenge.Disbursements.Application.Create.CalculateDisbursementUseCaseTest" assertions="2" time="0.012902"/>
      </testsuite>
      <testsuite name="App\Tests\Unit\SequraChallenge\Disbursements\Domain\DisbursementCalculatorTest" file="/app/tests/Unit/SequraChallenge/Disbursements/Domain/DisbursementCalculatorTest.php" tests="1" assertions="2" errors="0" failures="0" skipped="0" time="0.006239">
        <testcase name="it_should_create_a_new_disbursement_if_not_exists" file="/app/tests/Unit/SequraChallenge/Disbursements/Domain/DisbursementCalculatorTest.php" line="33" class="App\Tests\Unit\SequraChallenge\Disbursements\Domain\DisbursementCalculatorTest" classname="App.Tests.Unit.SequraChallenge.Disbursements.Domain.DisbursementCalculatorTest" assertions="2" time="0.006239"/>
      </testsuite>
      <testsuite name="App\Tests\Unit\SequraChallenge\Disbursements\Domain\DisbursementDateCalculatorTest" file="/app/tests/Unit/SequraChallenge/Disbursements/Domain/DisbursementDateCalculatorTest.php" tests="4" assertions="4" errors="0" failures="0" skipped="0" time="0.005240">
        <testcase name="test_it_should_calculate_a_disbursement_date_for_a_daily_merchant" file="/app/tests/Unit/SequraChallenge/Disbursements/Domain/DisbursementDateCalculatorTest.php" line="22" class="App\Tests\Unit\SequraChallenge\Disbursements\Domain\DisbursementDateCalculatorTest" classname="App.Tests.Unit.SequraChallenge.Disbursements.Domain.DisbursementDateCalculatorTest" assertions="1" time="0.004126"/>
        <testcase name="test_it_should_calculate_a_disbursement_date_for_a_weekly_merchant_same_day_of_week" file="/app/tests/Unit/SequraChallenge/Disbursements/Domain/DisbursementDateCalculatorTest.php" line="33" class="App\Tests\Unit\SequraChallenge\Disbursements\Domain\DisbursementDateCalculatorTest" classname="App.Tests.Unit.SequraChallenge.Disbursements.Domain.DisbursementDateCalculatorTest" assertions="1" time="0.000417"/>
        <testcase name="test_it_should_calculate_a_disbursement_date_for_a_weekly_merchant_for_next_week" file="/app/tests/Unit/SequraChallenge/Disbursements/Domain/DisbursementDateCalculatorTest.php" line="44" class="App\Tests\Unit\SequraChallenge\Disbursements\Domain\DisbursementDateCalculatorTest" classname="App.Tests.Unit.SequraChallenge.Disbursements.Domain.DisbursementDateCalculatorTest" assertions="1" time="0.000394"/>
        <testcase name="test_it_should_calculate_a_disbursement_date_for_a_weekly_merchant_for_same_week" file="/app/tests/Unit/SequraChallenge/Disbursements/Domain/DisbursementDateCalculatorTest.php" line="55" class="App\Tests\Unit\SequraChallenge\Disbursements\Domain\DisbursementDateCalculatorTest" classname="App.Tests.Unit.SequraChallenge.Disbursements.Domain.DisbursementDateCalculatorTest" assertions="1" time="0.000303"/>
      </testsuite>
      <testsuite name="App\Tests\Unit\SequraChallenge\Merchants\Application\Find\MerchantFinderUseCaseTest" file="/app/tests/Unit/SequraChallenge/Merchants/Application/Find/MerchantFinderUseCaseTest.php" tests="2" assertions="4" errors="0" failures="0" skipped="0" time="0.019320">
        <testcase name="it_should_find_a_merchant" file="/app/tests/Unit/SequraChallenge/Merchants/Application/Find/MerchantFinderUseCaseTest.php" line="33" class="App\Tests\Unit\SequraChallenge\Merchants\Application\Find\MerchantFinderUseCaseTest" classname="App.Tests.Unit.SequraChallenge.Merchants.Application.Find.MerchantFinderUseCaseTest" assertions="2" time="0.003815"/>
        <testcase name="it_should_not_find_a_merchant" file="/app/tests/Unit/SequraChallenge/Merchants/Application/Find/MerchantFinderUseCaseTest.php" line="52" class="App\Tests\Unit\SequraChallenge\Merchants\Application\Find\MerchantFinderUseCaseTest" classname="App.Tests.Unit.SequraChallenge.Merchants.Application.Find.MerchantFinderUseCaseTest" assertions="2" time="0.015505"/>
      </testsuite>
    </testsuite>
  </testsuite>
</testsuites>
